g:\daima\kkebi-engine-master\dbkkernel\x64\releasewithoutsig\vc143.pdb
g:\daima\kkebi-engine-master\dbkkernel\x64\releasewithoutsig\vmxoffload.obj
g:\daima\kkebi-engine-master\dbkkernel\x64\releasewithoutsig\vmxhelper.obj
g:\daima\kkebi-engine-master\dbkkernel\x64\releasewithoutsig\apic.obj
g:\daima\kkebi-engine-master\dbkkernel\x64\releasewithoutsig\ultimap2.obj
g:\daima\kkebi-engine-master\dbkkernel\x64\releasewithoutsig\ultimap.obj
g:\daima\kkebi-engine-master\dbkkernel\x64\releasewithoutsig\threads.obj
g:\daima\kkebi-engine-master\dbkkernel\x64\releasewithoutsig\processlist.obj
g:\daima\kkebi-engine-master\dbkkernel\x64\releasewithoutsig\noexceptions.obj
g:\daima\kkebi-engine-master\dbkkernel\x64\releasewithoutsig\memscan.obj
g:\daima\kkebi-engine-master\dbkkernel\x64\releasewithoutsig\iopldispatcher.obj
g:\daima\kkebi-engine-master\dbkkernel\x64\releasewithoutsig\interrupthook.obj
g:\daima\kkebi-engine-master\dbkkernel\x64\releasewithoutsig\deepkernel.obj
g:\daima\kkebi-engine-master\dbkkernel\x64\releasewithoutsig\debugger.obj
g:\daima\kkebi-engine-master\dbkkernel\x64\releasewithoutsig\dbkfunc.obj
g:\daima\kkebi-engine-master\dbkkernel\x64\releasewithoutsig\dbkdrvr.obj
g:\daima\kkebi-engine-master\cheat engine\bin\kkebicheatkernel64.sys
g:\daima\kkebi-engine-master\cheat engine\bin\kkebicheatkernel64.pdb
g:\daima\kkebi-engine-master\dbkkernel\x64\releasewithoutsig\dbkfunca.obj
g:\daima\kkebi-engine-master\dbkkernel\x64\releasewithoutsig\debuggera.obj
g:\daima\kkebi-engine-master\dbkkernel\x64\releasewithoutsig\noexceptionsa.obj
g:\daima\kkebi-engine-master\dbkkernel\x64\releasewithoutsig\ultimapa.obj
g:\daima\kkebi-engine-master\dbkkernel\x64\releasewithoutsig\vmxhelpera.obj
g:\daima\kkebi-engine-master\dbkkernel\x64\releasewithoutsig\vmxoffloada.obj
g:\daima\kkebi-engine-master\dbkkernel\x64\releasewithoutsig\dbk64.inf
g:\daima\kkebi-engine-master\dbkkernel\x64\releasewithoutsig\kkebicheatkernel.tlog\cl.command.1.tlog
g:\daima\kkebi-engine-master\dbkkernel\x64\releasewithoutsig\kkebicheatkernel.tlog\cl.items.tlog
g:\daima\kkebi-engine-master\dbkkernel\x64\releasewithoutsig\kkebicheatkernel.tlog\cl.read.1.tlog
g:\daima\kkebi-engine-master\dbkkernel\x64\releasewithoutsig\kkebicheatkernel.tlog\cl.write.1.tlog
g:\daima\kkebi-engine-master\dbkkernel\x64\releasewithoutsig\kkebicheatkernel.tlog\link.command.1.tlog
g:\daima\kkebi-engine-master\dbkkernel\x64\releasewithoutsig\kkebicheatkernel.tlog\link.read.1.tlog
g:\daima\kkebi-engine-master\dbkkernel\x64\releasewithoutsig\kkebicheatkernel.tlog\link.write.1.tlog
g:\daima\kkebi-engine-master\dbkkernel\x64\releasewithoutsig\kkebicheatkernel.tlog\masm.read.1u.tlog
g:\daima\kkebi-engine-master\dbkkernel\x64\releasewithoutsig\kkebicheatkernel.tlog\masm.write.1u.tlog
g:\daima\kkebi-engine-master\dbkkernel\x64\releasewithoutsig\kkebicheatkernel.tlog\signtool.command.1.tlog
g:\daima\kkebi-engine-master\dbkkernel\x64\releasewithoutsig\kkebicheatkernel.tlog\signtool.read.1.tlog
g:\daima\kkebi-engine-master\dbkkernel\x64\releasewithoutsig\kkebicheatkernel.tlog\signtool.timestamp.1.tlog
g:\daima\kkebi-engine-master\dbkkernel\x64\releasewithoutsig\kkebicheatkernel.tlog\signtool.write.1.tlog
g:\daima\kkebi-engine-master\dbkkernel\x64\releasewithoutsig\kkebicheatkernel.tlog\stampinf.command.1.tlog
g:\daima\kkebi-engine-master\dbkkernel\x64\releasewithoutsig\kkebicheatkernel.tlog\stampinf.read.1.tlog
g:\daima\kkebi-engine-master\dbkkernel\x64\releasewithoutsig\kkebicheatkernel.tlog\stampinf.write.1.tlog
